<?xml version="1.0" encoding="utf-8"?><testsuites><testsuite name="pytest" errors="0" failures="0" skipped="0" tests="15" time="53.327" timestamp="2024-04-30T14:20:09.378883" hostname="biobb-runners"><testcase classname="biobb_amber.test.unitests.test_ambpdb.test_ambpdb_amber_to_pdb.TestAmberToPDB" name="test_amber_to_pdb" time="0.141" /><testcase classname="biobb_amber.test.unitests.test_cphstats.test_cestats_run.TestCestatsRun" name="test_cestats_run" time="0.988" /><testcase classname="biobb_amber.test.unitests.test_cphstats.test_cphstats_run.TestCphstatsRun" name="test_cphstats_run" time="0.069" /><testcase classname="biobb_amber.test.unitests.test_cpptraj.test_cpptraj_randomize_ions.TestCpptrajRandomizeIons" name="test_cpptraj_randomize_ions" time="1.825" /><testcase classname="biobb_amber.test.unitests.test_leap.test_leap_add_ions.TestLeapAddIons" name="test_leap_add_ions" time="5.293" /><testcase classname="biobb_amber.test.unitests.test_leap.test_leap_build_linear_structure.TestLeapBuildLinearStructure" name="test_leap_build_linear_structure" time="0.105" /><testcase classname="biobb_amber.test.unitests.test_leap.test_leap_gen_top.TestLeapGenTop" name="test_leap_gen_top" time="0.116" /><testcase classname="biobb_amber.test.unitests.test_leap.test_leap_solvate.TestLeapSolvate" name="test_leap_solvate" time="0.836" /><testcase classname="biobb_amber.test.unitests.test_parmed.test_parmed_cpinutil.TestParmedCpinUtil" name="test_parmed_cpinutil" time="1.582" /><testcase classname="biobb_amber.test.unitests.test_parmed.test_parmed_hmassrepartition.TestParmedHMassRepartition" name="test_parmed_hmassrepartition" time="0.732" /><testcase classname="biobb_amber.test.unitests.test_pdb4amber.test_pdb4amber_pdb4amber.TestPdb4amberRun" name="test_pdb4amber_run" time="0.611" /><testcase classname="biobb_amber.test.unitests.test_process.test_process_mdout.TestProcessMDOut" name="test_process_mdout" time="0.077" /><testcase classname="biobb_amber.test.unitests.test_process.test_process_minout.TestProcessMinOut" name="test_process_minout" time="0.188" /><testcase classname="biobb_amber.test.unitests.test_sander.test_sander_mdrun.TestSanderMDRun" name="test_sander_mdrun" time="39.240" /><testcase classname="biobb_amber.test.unitests.test_sander.test_sander_mdrun.TestSanderMDRunDirectMDin" name="test_sander_mdrun" time="0.504" /></testsuite></testsuites>