<?xml version="1.0" encoding="utf-8"?><testsuites><testsuite name="pytest" errors="0" failures="0" skipped="0" tests="16" time="56.120" timestamp="2023-04-28T13:27:58.537572" hostname="biobb-runners"><testcase classname="biobb_amber.test.unitests.test_ambpdb.test_ambpdb_amber_to_pdb.TestAmberToPDB" name="test_amber_to_pdb" time="0.280" /><testcase classname="biobb_amber.test.unitests.test_cphstats.test_cestats_run.TestCestatsRun" name="test_cestats_run" time="1.172" /><testcase classname="biobb_amber.test.unitests.test_cphstats.test_cphstats_run.TestCphstatsRun" name="test_cphstats_run" time="0.211" /><testcase classname="biobb_amber.test.unitests.test_cpptraj.test_cpptraj_randomize_ions.TestCpptrajRandomizeIons" name="test_cpptraj_randomize_ions" time="2.829" /><testcase classname="biobb_amber.test.unitests.test_leap.test_leap_add_ions.TestLeapAddIons" name="test_leap_add_ions" time="5.156" /><testcase classname="biobb_amber.test.unitests.test_leap.test_leap_build_linear_structure.TestLeapBuildLinearStructure" name="test_leap_build_linear_structure" time="0.186" /><testcase classname="biobb_amber.test.unitests.test_leap.test_leap_gen_top.TestLeapGenTop" name="test_leap_gen_top" time="0.135" /><testcase classname="biobb_amber.test.unitests.test_leap.test_leap_solvate.TestLeapSolvate" name="test_leap_solvate" time="0.918" /><testcase classname="biobb_amber.test.unitests.test_nab.test_nab_build_dna_structure.TestNabBuildDNAStructure" name="test_nab_build_dna_structure" time="1.684" /><testcase classname="biobb_amber.test.unitests.test_parmed.test_parmed_cpinutil.TestParmedCpinUtil" name="test_parmed_cpinutil" time="2.351" /><testcase classname="biobb_amber.test.unitests.test_parmed.test_parmed_hmassrepartition.TestParmedHMassRepartition" name="test_parmed_hmassrepartition" time="0.742" /><testcase classname="biobb_amber.test.unitests.test_pdb4amber.test_pdb4amber_pdb4amber.TestPdb4amberRun" name="test_pdb4amber_run" time="1.014" /><testcase classname="biobb_amber.test.unitests.test_process.test_process_mdout.TestProcessMDOut" name="test_process_mdout" time="0.087" /><testcase classname="biobb_amber.test.unitests.test_process.test_process_minout.TestProcessMinOut" name="test_process_minout" time="0.227" /><testcase classname="biobb_amber.test.unitests.test_sander.test_sander_mdrun.TestSanderMDRun" name="test_sander_mdrun" time="38.004" /><testcase classname="biobb_amber.test.unitests.test_sander.test_sander_mdrun.TestSanderMDRunDirectMDin" name="test_sander_mdrun" time="0.492" /></testsuite></testsuites>